<?xml version="1.0" encoding="UTF-8"?>
<testng-results skipped="0" failed="0" ignored="0" total="1" passed="1">
  <reporter-output>
  </reporter-output>
  <suite name="Page Object Model" duration-ms="3414" started-at="2019-01-15T07:27:38Z" finished-at="2019-01-15T07:27:42Z">
    <groups>
    </groups>
    <test name="Login Test" duration-ms="3414" started-at="2019-01-15T07:27:38Z" finished-at="2019-01-15T07:27:42Z">
      <class name="testcases.LoginTest">
        <test-method status="PASS" signature="loginTest()[pri:0, instance:testcases.LoginTest@33b1c5c5]" name="loginTest" duration-ms="3120" started-at="2019-01-15T07:27:38Z" finished-at="2019-01-15T07:27:41Z">
          <reporter-output>
          </reporter-output>
        </test-method> <!-- loginTest -->
        <test-method status="PASS" signature="tearDown()[pri:0, instance:testcases.LoginTest@33b1c5c5]" name="tearDown" is-config="true" duration-ms="1" started-at="2019-01-15T07:27:42Z" finished-at="2019-01-15T07:27:42Z">
          <reporter-output>
          </reporter-output>
        </test-method> <!-- tearDown -->
      </class> <!-- testcases.LoginTest -->
    </test> <!-- Login Test -->
  </suite> <!-- Page Object Model -->
</testng-results>
